<?xml version="1.0" encoding="UTF-8"?>
<Site BuildName="Linux-c++"
	BuildStamp="20250717-0417-Experimental"
	Name="Ubuntu"
	Generator="ctest-3.28.3"
	CompilerName="/usr/bin/c++"
	CompilerVersion="13.3.0"
	OSName="Linux"
	Hostname="Ubuntu"
	OSRelease="6.11.0-29-generic"
	OSVersion="#29~24.04.1-Ubuntu SMP PREEMPT_DYNAMIC Thu Jun 26 14:16:59 UTC 2"
	OSPlatform="x86_64"
	Is64Bits="1"
	VendorString="GenuineIntel"
	VendorID="Intel Corporation"
	FamilyID="6"
	ModelID="30"
	ProcessorCacheSize="8192"
	NumberOfLogicalCPU="4"
	NumberOfPhysicalCPU="4"
	TotalVirtualMemory="0"
	TotalPhysicalMemory="7940"
	LogicalProcessorsPerPhysical="1"
	ProcessorClockFrequency="2942.47"
	>
	<Testing>
		<StartDateTime>Jul 17 12:06 +07</StartDateTime>
		<StartTestTime>1752728806</StartTestTime>
		<TestList/>
		<EndDateTime>Jul 17 12:06 +07</EndDateTime>
		<EndTestTime>1752728806</EndTestTime>
		<ElapsedMinutes>0</ElapsedMinutes>
	</Testing>
</Site>
